<?xml version="1.0" encoding="UTF-8"?>
<!-- Generated by org.testng.reporters.JUnitReportReporter -->
<testsuite skipped="0" hostname="MYTSP01685" name="com.gk.test.RunSingleSuite" tests="4" failures="0" timestamp="04 Dec 2020 07:12:08 GMT" time="0.293" errors="0">
  <testcase name="runScenario" time="0.286" classname="com.gk.test.RunSingleSuite"/>
  <testcase name="runScenario" time="0.002" classname="com.gk.test.RunSingleSuite"/>
  <testcase name="runScenario" time="0.002" classname="com.gk.test.RunSingleSuite"/>
  <testcase name="runScenario" time="0.003" classname="com.gk.test.RunSingleSuite"/>
</testsuite> <!-- com.gk.test.RunSingleSuite -->
